# Домашнее задание
# Работа с индексами
### Цель:
- знать и уметь применять основные виды индексов PostgreSQL
- строить и анализировать план выполнения запроса
- уметь оптимизировать запросы для с использованием индексов

### Описание/Пошаговая инструкция выполнения домашнего задания:
Создать индексы на БД, которые ускорят доступ к данным.
В данном задании тренируются навыки:
- определения узких мест
- написания запросов для создания индекса
- оптимизации
Необходимо:
1. Создать индекс к какой-либо из таблиц вашей БД
2. Прислать текстом результат команды explain,
в которой используется данный индекс
3. Реализовать индекс для полнотекстового поиска
4. Реализовать индекс на часть таблицы или индекс
на поле с функцией
5. Создать индекс на несколько полей
6. Написать комментарии к каждому из индексов
7. Описать что и как делали и с какими проблемами столкнулись

### Критерии оценки:

Критерии оценивания:
- *Выполнение ДЗ: 10 баллов*
- *плюс 2 балла за красивое решение*
- *минус 2 балла за рабочее решение, и недостатки указанные преподавателем не устранены*

# Решение:
### Используемые инструменты:
- VM развернутая в [cloud.ru](https://console.cloud.ru/) с OS *Ubuntu 22.04.4 LTS*, *версия PostgreSQL 15.7*
- Desktop application DBeaver, источник -  [dbeaver](https://dbeaver.io/) ![](https://dbeaver.io/wp-content/uploads/2015/09/beaver-head.png)

## Ход выполнения:
1. Создание и наполнение таблицы
```
DROP TABLE IF EXISTS public.test_index
;
```
```
CREATE TABLE public.test_index(
    id int
    ,id_txt TEXT
    ,bool_field bool
)
;
```
```
INSERT INTO public.test_index
SELECT
    id
    ,MD5(id::text) AS id_txt
    ,random() < 0.01 AS bool_field
FROM PG_CATALOG.GENERATE_SERIES(1, 500000,1) AS gn(id)
;
```
2. Создание индекса на поле id
```
CREATE INDEX IF NOT EXISTS ix_test_index_id ON public.test_index USING btree(id)
;
```
3.Прислать текстом результат команды explain, в которой используется данный индекс
```
EXPLAIN ANALYZE
SELECT *
FROM public.test_index AS ti
WHERE 1=1
AND ti.id = 152
;
```
Результ: **Index Scan using ix_test_index_id on test_index ti  (cost=0.42..8.44 rows=1 width=38) (actual time=0.028..0.029 rows=1 loops=1)
  Index Cond: (id = 152)
Planning Time: 0.265 ms
Execution Time: 0.038 ms**
4. Реализовать индекс для полнотекстового поиска
Создаем таблицу
```
DROP TABLE IF EXISTS public.test_full_txt_index
;
CREATE TABLE public.test_full_txt_index(
    id SERIAL PRIMARY KEY
    ,config regconfig
    ,body text
)
;
```
Наполняем таблицу
```
INSERT INTO public.test_full_txt_index(
    config
    ,body
)
VALUES ('english', 'Notice that the 2-argument version of to_tsvector is used. Only text search functions that specify a configuration name can be used in expression indexes (Section 11.7). This is because the index contents must be unaffected by default_text_search_config. If they were affected, the index contents might be inconsistent because different entries could contain tsvectors that were created with different text search configurations, and there would be no way to guess which was which. It would be impossible to dump and restore such an index correctly.
Because the two-argument version of to_tsvector was used in the index above, only a query reference that uses the 2-argument version of to_tsvector with the same configuration name will use that index. That is, WHERE to_tsvector(''english'', body) @@ ''a & b'' can use the index, but WHERE to_tsvector(body) @@ ''a & b'' cannot. This ensures that an index will be used only with the same configuration used to create the index entries.
It is possible to set up more complex expression indexes wherein the configuration name is specified by another column, e.g.
')
,('russian', 'Документы также можно хранить в обычных текстовых файлах в файловой системе. В этом случае база данных может быть просто
хранилищем полнотекстового индекса и исполнителем запросов, а найденные документы будут загружаться из файловой 
системы по некоторым уникальным идентификаторам. Однако для загрузки внешних файлов требуются права суперпользователя или 
поддержка специальных функций, так что это обычно менее удобно, чем хранить все данные внутри БД. Кроме того, когда всё хранится в базе данных, это 
упрощает доступ к метаданным документов при индексации и выводе результатов
')
;
```
Создаем индекс
```
CREATE INDEX IF NOT EXISTS ix_test_full_txt_index_body ON public.test_full_txt_index USING GIN (to_tsvector(config, body));
```
Отключение последовательное сканирование для демонстрации использования индекса
```
SET enable_seqscan = OFF
;
```
Проверяем работу индекса
```
EXPLAIN ANALYZE
SELECT
    *
FROM public.test_full_txt_index
WHERE 1=1
AND to_tsvector(config, body) @@ to_tsquery('(to_tsvector) | (хранилищ | полно | файлов)')
;
```
Результат: **Seq Scan on test_full_txt_index  (cost=0.00..2.02 rows=1 width=40) (actual time=0.377..0.832 rows=2 loops=1)
  Filter: (to_tsvector(config, body) @@ to_tsquery('(to_tsvector) | (хранилищ | полно | файлов)'::text))
Planning Time: 1.782 ms
Execution Time: 0.849 ms**
Вкл последовательного сканирования
```
SET enable_seqscan = ON
;
```
5.Реализовать индекс на часть таблицы или индекс на поле с функцией
```
CREATE INDEX IF NOT EXISTS ix_test_index_bool_field ON public.test_index (bool_field) WHERE bool_field
;
```
Индекс используется
```
EXPLAIN
SELECT *
FROM public.test_index
WHERE 1=1
AND bool_field
;
```
Результат: **Index Scan using ix_test_index_bool_field on test_index  (cost=0.28..697.51 rows=5433 width=38)**
Индекс не используется
```
EXPLAIN
SELECT *
FROM public.test_index
WHERE 1=1
AND NOT bool_field
;
```
Результат: **Seq Scan on test_index  (cost=0.00..9167.00 rows=494567 width=38)
  Filter: (NOT bool_field)**
6. Создать индекс на несколько полей
```
CREATE INDEX IF NOT EXISTS ix_test_index_id_id_txt ON public.test_index (id,id_txt)
;
```
Демонстрация
```
EXPLAIN ANALYZE
SELECT
    *
FROM public.test_index
WHERE 1=1
AND id = 152
AND id_txt = 'qweqwe'
```
Результат: **Index Scan using ix_test_index_id_id_txt on test_index  (cost=0.42..8.44 rows=1 width=38) (actual time=0.018..0.019 rows=0 loops=1)
  Index Cond: ((id = 152) AND (id_txt = 'qweqwe'::text))
Planning Time: 0.086 ms
Execution Time: 0.029 ms**
```
EXPLAIN ANALYZE
SELECT
    ID
    ,ID_TXT
FROM public.test_index
WHERE 1=1
AND id = 152
AND id_txt = 'qweqwe'
```
Результат: **Index Only Scan using ix_test_index_id_id_txt on test_index  (cost=0.42..4.44 rows=1 width=37) (actual time=0.020..0.020 rows=0 loops=1)
  Index Cond: ((id = 152) AND (id_txt = 'qweqwe'::text))
  Heap Fetches: 0
Planning Time: 0.086 ms
Execution Time: 0.031 ms**

Уже используется **Index Only Scan** в отличии от предыдущего примера, т.к. в ключе индекса находятся оба поля учесивующие в select.
